[ 2017-07-27T09:59:18+08:00 ] 127.0.0.1 /sjtest/
INFO: [ app_init ] --START--
INFO: Run Behavior\BuildLiteBehavior [ RunTime:0.000000s ]
INFO: [ app_init ] --END-- [ RunTime:0.035002s ]
INFO: [ app_begin ] --START--
INFO: Run Behavior\ReadHtmlCacheBehavior [ RunTime:0.005000s ]
INFO: [ app_begin ] --END-- [ RunTime:0.005000s ]
NOTIC: [8] Use of undefined constant prid - assumed 'prid' E:\sjtest\App\Home\Controller\LoadController.class.php 第 18 行.
NOTIC: [8] Undefined index: prid E:\sjtest\App\Home\Controller\LoadController.class.php 第 18 行.
SQL: SHOW COLUMNS FROM `hezuo_book_promote` [ RunTime:0.0090s ]
SQL: SELECT `book_id`,`book_name` FROM `hezuo_book_promote` WHERE `promote_id` = 1 ORDER BY xu asc LIMIT 3   [ RunTime:0.0100s ]
SQL: SELECT `book_id`,`book_name`,`upload_img` FROM `hezuo_book_promote` WHERE `promote_id` = 2 ORDER BY xu asc LIMIT 3   [ RunTime:0.0080s ]
SQL: SHOW COLUMNS FROM `hezuo_book` [ RunTime:0.0090s ]
SQL: SELECT BookPromote.book_id AS book_id,BookPromote.book_name AS book_name,BookPromote.upload_img AS upload_img,BookPromote.book_brief AS book_brief,Book.type_id AS type_id FROM hezuo_book_promote BookPromote  JOIN hezuo_book Book ON BookPromote.book_id=Book.book_id WHERE BookPromote.promote_id = 3 ORDER BY BookPromote.xu asc LIMIT 6   [ RunTime:0.0080s ]
NOTIC: [8] Use of undefined constant book_type - assumed 'book_type' E:\sjtest\App\Home\Controller\IndexController.class.php 第 41 行.
NOTIC: [8] Use of undefined constant type_id - assumed 'type_id' E:\sjtest\App\Home\Controller\IndexController.class.php 第 41 行.
NOTIC: [8] Use of undefined constant book_type - assumed 'book_type' E:\sjtest\App\Home\Controller\IndexController.class.php 第 41 行.
NOTIC: [8] Use of undefined constant type_id - assumed 'type_id' E:\sjtest\App\Home\Controller\IndexController.class.php 第 41 行.
NOTIC: [8] Use of undefined constant book_type - assumed 'book_type' E:\sjtest\App\Home\Controller\IndexController.class.php 第 41 行.
NOTIC: [8] Use of undefined constant type_id - assumed 'type_id' E:\sjtest\App\Home\Controller\IndexController.class.php 第 41 行.
NOTIC: [8] Use of undefined constant book_type - assumed 'book_type' E:\sjtest\App\Home\Controller\IndexController.class.php 第 41 行.
NOTIC: [8] Use of undefined constant type_id - assumed 'type_id' E:\sjtest\App\Home\Controller\IndexController.class.php 第 41 行.
NOTIC: [8] Use of undefined constant book_type - assumed 'book_type' E:\sjtest\App\Home\Controller\IndexController.class.php 第 41 行.
NOTIC: [8] Use of undefined constant type_id - assumed 'type_id' E:\sjtest\App\Home\Controller\IndexController.class.php 第 41 行.
NOTIC: [8] Use of undefined constant book_type - assumed 'book_type' E:\sjtest\App\Home\Controller\IndexController.class.php 第 41 行.
NOTIC: [8] Use of undefined constant type_id - assumed 'type_id' E:\sjtest\App\Home\Controller\IndexController.class.php 第 41 行.
SQL: SELECT `book_id`,`book_name`,`upload_img` FROM `hezuo_book_promote` WHERE `promote_id` = 4 ORDER BY xu asc LIMIT 8   [ RunTime:0.0090s ]
SQL: SELECT BookPromote.book_id AS book_id,BookPromote.book_name AS book_name,BookPromote.upload_img AS upload_img,BookPromote.book_brief AS book_brief,Book.type_id AS type_id FROM hezuo_book_promote BookPromote  JOIN hezuo_book Book ON BookPromote.book_id=Book.book_id WHERE BookPromote.promote_id = 5 ORDER BY BookPromote.xu asc LIMIT 6   [ RunTime:0.0090s ]
NOTIC: [8] Use of undefined constant book_type - assumed 'book_type' E:\sjtest\App\Home\Controller\IndexController.class.php 第 58 行.
NOTIC: [8] Use of undefined constant type_id - assumed 'type_id' E:\sjtest\App\Home\Controller\IndexController.class.php 第 58 行.
NOTIC: [8] Use of undefined constant book_type - assumed 'book_type' E:\sjtest\App\Home\Controller\IndexController.class.php 第 58 行.
NOTIC: [8] Use of undefined constant type_id - assumed 'type_id' E:\sjtest\App\Home\Controller\IndexController.class.php 第 58 行.
NOTIC: [8] Use of undefined constant book_type - assumed 'book_type' E:\sjtest\App\Home\Controller\IndexController.class.php 第 58 行.
NOTIC: [8] Use of undefined constant type_id - assumed 'type_id' E:\sjtest\App\Home\Controller\IndexController.class.php 第 58 行.
NOTIC: [8] Use of undefined constant book_type - assumed 'book_type' E:\sjtest\App\Home\Controller\IndexController.class.php 第 58 行.
NOTIC: [8] Use of undefined constant type_id - assumed 'type_id' E:\sjtest\App\Home\Controller\IndexController.class.php 第 58 行.
NOTIC: [8] Use of undefined constant book_type - assumed 'book_type' E:\sjtest\App\Home\Controller\IndexController.class.php 第 58 行.
NOTIC: [8] Use of undefined constant type_id - assumed 'type_id' E:\sjtest\App\Home\Controller\IndexController.class.php 第 58 行.
SQL: SELECT BookPromote.book_id AS book_id,BookPromote.book_name AS book_name,BookPromote.upload_img AS upload_img,BookPromote.book_brief AS book_brief,Book.type_id AS type_id FROM hezuo_book_promote BookPromote  JOIN hezuo_book Book ON BookPromote.book_id=Book.book_id WHERE BookPromote.promote_id = 6 ORDER BY BookPromote.xu asc LIMIT 6   [ RunTime:0.0090s ]
NOTIC: [8] Use of undefined constant book_type - assumed 'book_type' E:\sjtest\App\Home\Controller\IndexController.class.php 第 68 行.
NOTIC: [8] Use of undefined constant type_id - assumed 'type_id' E:\sjtest\App\Home\Controller\IndexController.class.php 第 68 行.
NOTIC: [8] Use of undefined constant book_type - assumed 'book_type' E:\sjtest\App\Home\Controller\IndexController.class.php 第 68 行.
NOTIC: [8] Use of undefined constant type_id - assumed 'type_id' E:\sjtest\App\Home\Controller\IndexController.class.php 第 68 行.
NOTIC: [8] Use of undefined constant book_type - assumed 'book_type' E:\sjtest\App\Home\Controller\IndexController.class.php 第 68 行.
NOTIC: [8] Use of undefined constant type_id - assumed 'type_id' E:\sjtest\App\Home\Controller\IndexController.class.php 第 68 行.
NOTIC: [8] Use of undefined constant book_type - assumed 'book_type' E:\sjtest\App\Home\Controller\IndexController.class.php 第 68 行.
NOTIC: [8] Use of undefined constant type_id - assumed 'type_id' E:\sjtest\App\Home\Controller\IndexController.class.php 第 68 行.
NOTIC: [8] Use of undefined constant book_type - assumed 'book_type' E:\sjtest\App\Home\Controller\IndexController.class.php 第 68 行.
NOTIC: [8] Use of undefined constant type_id - assumed 'type_id' E:\sjtest\App\Home\Controller\IndexController.class.php 第 68 行.
NOTIC: [8] Use of undefined constant book_type - assumed 'book_type' E:\sjtest\App\Home\Controller\IndexController.class.php 第 68 行.
NOTIC: [8] Use of undefined constant type_id - assumed 'type_id' E:\sjtest\App\Home\Controller\IndexController.class.php 第 68 行.
SQL: SHOW COLUMNS FROM `hezuo_system_ban` [ RunTime:0.0090s ]
SQL: SELECT * FROM `hezuo_system_ban`  [ RunTime:0.0090s ]
INFO: [ view_parse ] --START--
INFO: [ template_filter ] --START--
INFO: Run Behavior\ContentReplaceBehavior [ RunTime:0.000000s ]
INFO: [ template_filter ] --END-- [ RunTime:0.000000s ]
NOTIC: [8] Use of undefined constant pic - assumed 'pic' E:\sjtest\App\Runtime\Cache\Home\6c4ff2cd8a81a789bf60aca2850cd8fd.php 第 122 行.
NOTIC: [8] Use of undefined constant pic - assumed 'pic' E:\sjtest\App\Runtime\Cache\Home\6c4ff2cd8a81a789bf60aca2850cd8fd.php 第 141 行.
INFO: Run Behavior\ParseTemplateBehavior [ RunTime:0.158009s ]
INFO: [ view_parse ] --END-- [ RunTime:0.159009s ]
INFO: [ view_filter ] --START--
INFO: Run Behavior\WriteHtmlCacheBehavior [ RunTime:0.044003s ]
INFO: [ view_filter ] --END-- [ RunTime:0.044003s ]
INFO: [ app_end ] --START--
INFO: Run Behavior\ShowPageTraceBehavior [ RunTime:0.004000s ]
INFO: [ app_end ] --END-- [ RunTime:0.004000s ]

